<?xml version="1.0" encoding="UTF-8"?>
<!-- Generated by org.testng.reporters.JUnitReportReporter -->
<testsuite hostname="SYED-ZEESHAN-ALI" failures="0" tests="2" name="testng.Logintest" time="22.622" errors="0" timestamp="2021-04-03T16:06:25 IST" skipped="0">
  <testcase classname="testng.Logintest" name="test2" time="0.002"/>
  <system-out/>
  <testcase classname="testng.Logintest" name="test1" time="22.620"/>
  <system-out/>
</testsuite> <!-- testng.Logintest -->
